[2025-02-13T00:59:28.071+0000] {local_task_job_runner.py:123} INFO - ::group::Pre task execution logs
[2025-02-13T00:59:28.090+0000] {taskinstance.py:2614} INFO - Dependencies all met for dep_context=non-requeueable deps ti=<TaskInstance: call_omdb_api.get_omdb_filme manual__2025-02-13T00:59:26.707841+00:00 [queued]>
[2025-02-13T00:59:28.098+0000] {taskinstance.py:2614} INFO - Dependencies all met for dep_context=requeueable deps ti=<TaskInstance: call_omdb_api.get_omdb_filme manual__2025-02-13T00:59:26.707841+00:00 [queued]>
[2025-02-13T00:59:28.099+0000] {taskinstance.py:2867} INFO - Starting attempt 1 of 2
[2025-02-13T00:59:28.110+0000] {taskinstance.py:2890} INFO - Executing <Task(BashOperator): get_omdb_filme> on 2025-02-13 00:59:26.707841+00:00
[2025-02-13T00:59:28.116+0000] {warnings.py:112} WARNING - /home/***/.local/lib/python3.12/site-packages/***/task/task_runner/standard_task_runner.py:70: DeprecationWarning: This process (pid=2493) is multi-threaded, use of fork() may lead to deadlocks in the child.
  pid = os.fork()

[2025-02-13T00:59:28.117+0000] {standard_task_runner.py:72} INFO - Started process 2494 to run task
[2025-02-13T00:59:28.118+0000] {standard_task_runner.py:104} INFO - Running: ['***', 'tasks', 'run', 'call_omdb_api', 'get_omdb_filme', 'manual__2025-02-13T00:59:26.707841+00:00', '--job-id', '99', '--raw', '--subdir', 'DAGS_FOLDER/call_api.py', '--cfg-path', '/tmp/tmpdhyle2va']
[2025-02-13T00:59:28.119+0000] {standard_task_runner.py:105} INFO - Job 99: Subtask get_omdb_filme
[2025-02-13T00:59:28.190+0000] {task_command.py:467} INFO - Running <TaskInstance: call_omdb_api.get_omdb_filme manual__2025-02-13T00:59:26.707841+00:00 [running]> on host 76fc25d1410f
[2025-02-13T00:59:28.282+0000] {taskinstance.py:3134} INFO - Exporting env vars: AIRFLOW_CTX_DAG_OWNER='Celso Cazetto' AIRFLOW_CTX_DAG_ID='call_omdb_api' AIRFLOW_CTX_TASK_ID='get_omdb_filme' AIRFLOW_CTX_EXECUTION_DATE='2025-02-13T00:59:26.707841+00:00' AIRFLOW_CTX_TRY_NUMBER='1' AIRFLOW_CTX_DAG_RUN_ID='manual__2025-02-13T00:59:26.707841+00:00'
[2025-02-13T00:59:28.283+0000] {taskinstance.py:732} INFO - ::endgroup::
[2025-02-13T00:59:28.298+0000] {subprocess.py:78} INFO - Tmp dir root location: /tmp
[2025-02-13T00:59:28.299+0000] {subprocess.py:88} INFO - Running command: ['/usr/bin/bash', '-c', 'source /home/***/venv/omdb_env/bin/activate && python /opt/***/pipeline/main.py']
[2025-02-13T00:59:28.311+0000] {subprocess.py:99} INFO - Output:
[2025-02-13T00:59:29.550+0000] {subprocess.py:106} INFO - 2025-02-13 00:59:29,550 - INFO - Carregando o arquivo de configuração
[2025-02-13T00:59:29.551+0000] {subprocess.py:106} INFO - 2025-02-13 00:59:29,551 - INFO - Buscando os dados de filme do ID:tt0499549
[2025-02-13T00:59:29.674+0000] {subprocess.py:106} INFO - 2025-02-13 00:59:29,674 - INFO - Dados da API carregados com sucesso
[2025-02-13T00:59:29.675+0000] {subprocess.py:106} INFO - 2025-02-13 00:59:29,674 - INFO - Iniciando transformação dos dados.
[2025-02-13T00:59:29.687+0000] {subprocess.py:106} INFO - 2025-02-13 00:59:29,687 - INFO - Estabelecendo conexão com o banco de dados:
[2025-02-13T00:59:29.734+0000] {subprocess.py:106} INFO - 2025-02-13 00:59:29,734 - INFO - Conexão estabelecida com sucesso.
[2025-02-13T00:59:29.764+0000] {subprocess.py:106} INFO - 2025-02-13 00:59:29,764 - INFO - Iniciando o inserção na tabela: omdb.filmes
[2025-02-13T00:59:29.769+0000] {subprocess.py:106} INFO - 2025-02-13 00:59:29,769 - INFO - 1 Inseridos na tabela omdb.filmes
[2025-02-13T00:59:29.775+0000] {subprocess.py:106} INFO - 2025-02-13 00:59:29,775 - INFO - Iniciando o inserção na tabela: omdb.genero
[2025-02-13T00:59:29.778+0000] {subprocess.py:106} INFO - 2025-02-13 00:59:29,778 - INFO - 1 Inseridos na tabela omdb.genero
[2025-02-13T00:59:29.795+0000] {subprocess.py:106} INFO - 2025-02-13 00:59:29,795 - INFO - Iniciando o inserção na tabela: omdb.filme_genero
[2025-02-13T00:59:29.799+0000] {subprocess.py:106} INFO - 2025-02-13 00:59:29,798 - INFO - 3 Inseridos na tabela omdb.filme_genero
[2025-02-13T00:59:29.805+0000] {subprocess.py:106} INFO - 2025-02-13 00:59:29,804 - INFO - Conexão finalizada com o banco
[2025-02-13T00:59:29.806+0000] {subprocess.py:106} INFO - 2025-02-13 00:59:29,804 - INFO - Fim do processo de ingestão.
[2025-02-13T00:59:30.089+0000] {subprocess.py:110} INFO - Command exited with return code 0
[2025-02-13T00:59:30.119+0000] {taskinstance.py:341} INFO - ::group::Post task execution logs
[2025-02-13T00:59:30.119+0000] {taskinstance.py:353} INFO - Marking task as SUCCESS. dag_id=call_omdb_api, task_id=get_omdb_filme, run_id=manual__2025-02-13T00:59:26.707841+00:00, execution_date=20250213T005926, start_date=20250213T005928, end_date=20250213T005930
[2025-02-13T00:59:30.185+0000] {local_task_job_runner.py:266} INFO - Task exited with return code 0
[2025-02-13T00:59:30.203+0000] {taskinstance.py:3901} INFO - 0 downstream tasks scheduled from follow-on schedule check
[2025-02-13T00:59:30.205+0000] {local_task_job_runner.py:245} INFO - ::endgroup::
