[2025-02-13T01:01:00.600+0000] {local_task_job_runner.py:123} INFO - ::group::Pre task execution logs
[2025-02-13T01:01:00.612+0000] {taskinstance.py:2614} INFO - Dependencies all met for dep_context=non-requeueable deps ti=<TaskInstance: call_omdb_api.get_omdb_filme scheduled__2025-02-13T01:00:00+00:00 [queued]>
[2025-02-13T01:01:00.617+0000] {taskinstance.py:2614} INFO - Dependencies all met for dep_context=requeueable deps ti=<TaskInstance: call_omdb_api.get_omdb_filme scheduled__2025-02-13T01:00:00+00:00 [queued]>
[2025-02-13T01:01:00.618+0000] {taskinstance.py:2867} INFO - Starting attempt 1 of 2
[2025-02-13T01:01:00.627+0000] {taskinstance.py:2890} INFO - Executing <Task(BashOperator): get_omdb_filme> on 2025-02-13 01:00:00+00:00
[2025-02-13T01:01:00.631+0000] {warnings.py:112} WARNING - /home/***/.local/lib/python3.12/site-packages/***/task/task_runner/standard_task_runner.py:70: DeprecationWarning: This process (pid=2544) is multi-threaded, use of fork() may lead to deadlocks in the child.
  pid = os.fork()

[2025-02-13T01:01:00.632+0000] {standard_task_runner.py:72} INFO - Started process 2545 to run task
[2025-02-13T01:01:00.633+0000] {standard_task_runner.py:104} INFO - Running: ['***', 'tasks', 'run', 'call_omdb_api', 'get_omdb_filme', 'scheduled__2025-02-13T01:00:00+00:00', '--job-id', '101', '--raw', '--subdir', 'DAGS_FOLDER/call_api.py', '--cfg-path', '/tmp/tmpivpuk4lc']
[2025-02-13T01:01:00.634+0000] {standard_task_runner.py:105} INFO - Job 101: Subtask get_omdb_filme
[2025-02-13T01:01:00.668+0000] {task_command.py:467} INFO - Running <TaskInstance: call_omdb_api.get_omdb_filme scheduled__2025-02-13T01:00:00+00:00 [running]> on host 76fc25d1410f
[2025-02-13T01:01:00.729+0000] {taskinstance.py:3134} INFO - Exporting env vars: AIRFLOW_CTX_DAG_OWNER='Celso Cazetto' AIRFLOW_CTX_DAG_ID='call_omdb_api' AIRFLOW_CTX_TASK_ID='get_omdb_filme' AIRFLOW_CTX_EXECUTION_DATE='2025-02-13T01:00:00+00:00' AIRFLOW_CTX_TRY_NUMBER='1' AIRFLOW_CTX_DAG_RUN_ID='scheduled__2025-02-13T01:00:00+00:00'
[2025-02-13T01:01:00.730+0000] {taskinstance.py:732} INFO - ::endgroup::
[2025-02-13T01:01:00.741+0000] {subprocess.py:78} INFO - Tmp dir root location: /tmp
[2025-02-13T01:01:00.742+0000] {subprocess.py:88} INFO - Running command: ['/usr/bin/bash', '-c', 'source /home/***/venv/omdb_env/bin/activate && python /opt/***/pipeline/main.py']
[2025-02-13T01:01:00.750+0000] {subprocess.py:99} INFO - Output:
[2025-02-13T01:01:01.616+0000] {subprocess.py:106} INFO - 2025-02-13 01:01:01,615 - INFO - Carregando o arquivo de configuração
[2025-02-13T01:01:01.616+0000] {subprocess.py:106} INFO - 2025-02-13 01:01:01,616 - INFO - Buscando os dados de filme do ID:tt0499549
[2025-02-13T01:01:01.727+0000] {subprocess.py:106} INFO - 2025-02-13 01:01:01,727 - INFO - Dados da API carregados com sucesso
[2025-02-13T01:01:01.728+0000] {subprocess.py:106} INFO - 2025-02-13 01:01:01,727 - INFO - Iniciando transformação dos dados.
[2025-02-13T01:01:01.735+0000] {subprocess.py:106} INFO - 2025-02-13 01:01:01,735 - INFO - Estabelecendo conexão com o banco de dados:
[2025-02-13T01:01:01.769+0000] {subprocess.py:106} INFO - 2025-02-13 01:01:01,768 - INFO - Conexão estabelecida com sucesso.
[2025-02-13T01:01:01.790+0000] {subprocess.py:106} INFO - 2025-02-13 01:01:01,790 - INFO - Iniciando o inserção na tabela: omdb.filmes
[2025-02-13T01:01:01.793+0000] {subprocess.py:106} INFO - 2025-02-13 01:01:01,793 - INFO - 0 Inseridos na tabela omdb.filmes
[2025-02-13T01:01:01.797+0000] {subprocess.py:106} INFO - 2025-02-13 01:01:01,797 - INFO - Iniciando o inserção na tabela: omdb.genero
[2025-02-13T01:01:01.799+0000] {subprocess.py:106} INFO - 2025-02-13 01:01:01,799 - INFO - 0 Inseridos na tabela omdb.genero
[2025-02-13T01:01:01.807+0000] {subprocess.py:106} INFO - 2025-02-13 01:01:01,807 - INFO - Iniciando o inserção na tabela: omdb.filme_genero
[2025-02-13T01:01:01.808+0000] {subprocess.py:106} INFO - 2025-02-13 01:01:01,808 - INFO - 0 Inseridos na tabela omdb.filme_genero
[2025-02-13T01:01:01.810+0000] {subprocess.py:106} INFO - 2025-02-13 01:01:01,810 - INFO - Conexão finalizada com o banco
[2025-02-13T01:01:01.810+0000] {subprocess.py:106} INFO - 2025-02-13 01:01:01,810 - INFO - Fim do processo de ingestão.
[2025-02-13T01:01:01.892+0000] {subprocess.py:110} INFO - Command exited with return code 0
[2025-02-13T01:01:01.911+0000] {taskinstance.py:341} INFO - ::group::Post task execution logs
[2025-02-13T01:01:01.912+0000] {taskinstance.py:353} INFO - Marking task as SUCCESS. dag_id=call_omdb_api, task_id=get_omdb_filme, run_id=scheduled__2025-02-13T01:00:00+00:00, execution_date=20250213T010000, start_date=20250213T010100, end_date=20250213T010101
[2025-02-13T01:01:01.969+0000] {local_task_job_runner.py:266} INFO - Task exited with return code 0
[2025-02-13T01:01:01.983+0000] {taskinstance.py:3901} INFO - 0 downstream tasks scheduled from follow-on schedule check
[2025-02-13T01:01:01.985+0000] {local_task_job_runner.py:245} INFO - ::endgroup::
