[2025-02-13T01:06:00.724+0000] {local_task_job_runner.py:123} INFO - ::group::Pre task execution logs
[2025-02-13T01:06:00.735+0000] {taskinstance.py:2614} INFO - Dependencies all met for dep_context=non-requeueable deps ti=<TaskInstance: call_omdb_api.get_omdb_filme scheduled__2025-02-13T01:05:00+00:00 [queued]>
[2025-02-13T01:06:00.740+0000] {taskinstance.py:2614} INFO - Dependencies all met for dep_context=requeueable deps ti=<TaskInstance: call_omdb_api.get_omdb_filme scheduled__2025-02-13T01:05:00+00:00 [queued]>
[2025-02-13T01:06:00.741+0000] {taskinstance.py:2867} INFO - Starting attempt 1 of 2
[2025-02-13T01:06:00.749+0000] {taskinstance.py:2890} INFO - Executing <Task(BashOperator): get_omdb_filme> on 2025-02-13 01:05:00+00:00
[2025-02-13T01:06:00.754+0000] {warnings.py:112} WARNING - /home/***/.local/lib/python3.12/site-packages/***/task/task_runner/standard_task_runner.py:70: DeprecationWarning: This process (pid=2682) is multi-threaded, use of fork() may lead to deadlocks in the child.
  pid = os.fork()

[2025-02-13T01:06:00.755+0000] {standard_task_runner.py:72} INFO - Started process 2683 to run task
[2025-02-13T01:06:00.755+0000] {standard_task_runner.py:104} INFO - Running: ['***', 'tasks', 'run', 'call_omdb_api', 'get_omdb_filme', 'scheduled__2025-02-13T01:05:00+00:00', '--job-id', '106', '--raw', '--subdir', 'DAGS_FOLDER/call_api.py', '--cfg-path', '/tmp/tmp1i2gw75o']
[2025-02-13T01:06:00.756+0000] {standard_task_runner.py:105} INFO - Job 106: Subtask get_omdb_filme
[2025-02-13T01:06:00.788+0000] {task_command.py:467} INFO - Running <TaskInstance: call_omdb_api.get_omdb_filme scheduled__2025-02-13T01:05:00+00:00 [running]> on host 76fc25d1410f
[2025-02-13T01:06:00.846+0000] {taskinstance.py:3134} INFO - Exporting env vars: AIRFLOW_CTX_DAG_OWNER='Celso Cazetto' AIRFLOW_CTX_DAG_ID='call_omdb_api' AIRFLOW_CTX_TASK_ID='get_omdb_filme' AIRFLOW_CTX_EXECUTION_DATE='2025-02-13T01:05:00+00:00' AIRFLOW_CTX_TRY_NUMBER='1' AIRFLOW_CTX_DAG_RUN_ID='scheduled__2025-02-13T01:05:00+00:00'
[2025-02-13T01:06:00.846+0000] {taskinstance.py:732} INFO - ::endgroup::
[2025-02-13T01:06:00.856+0000] {subprocess.py:78} INFO - Tmp dir root location: /tmp
[2025-02-13T01:06:00.857+0000] {subprocess.py:88} INFO - Running command: ['/usr/bin/bash', '-c', 'source /home/***/venv/omdb_env/bin/activate && python /opt/***/pipeline/main.py']
[2025-02-13T01:06:00.864+0000] {subprocess.py:99} INFO - Output:
[2025-02-13T01:06:01.765+0000] {subprocess.py:106} INFO - 2025-02-13 01:06:01,765 - INFO - Carregando o arquivo de configuração
[2025-02-13T01:06:01.766+0000] {subprocess.py:106} INFO - 2025-02-13 01:06:01,766 - INFO - Buscando os dados de filme do ID:tt0499549
[2025-02-13T01:06:01.890+0000] {subprocess.py:106} INFO - 2025-02-13 01:06:01,890 - INFO - Dados da API carregados com sucesso
[2025-02-13T01:06:01.891+0000] {subprocess.py:106} INFO - 2025-02-13 01:06:01,890 - INFO - Iniciando transformação dos dados.
[2025-02-13T01:06:01.899+0000] {subprocess.py:106} INFO - 2025-02-13 01:06:01,899 - INFO - Estabelecendo conexão com o banco de dados:
[2025-02-13T01:06:01.931+0000] {subprocess.py:106} INFO - 2025-02-13 01:06:01,931 - INFO - Conexão estabelecida com sucesso.
[2025-02-13T01:06:01.952+0000] {subprocess.py:106} INFO - 2025-02-13 01:06:01,952 - INFO - Iniciando o inserção na tabela: omdb.filmes
[2025-02-13T01:06:01.955+0000] {subprocess.py:106} INFO - 2025-02-13 01:06:01,955 - INFO - 0 Inseridos na tabela omdb.filmes
[2025-02-13T01:06:01.959+0000] {subprocess.py:106} INFO - 2025-02-13 01:06:01,959 - INFO - Iniciando o inserção na tabela: omdb.genero
[2025-02-13T01:06:01.961+0000] {subprocess.py:106} INFO - 2025-02-13 01:06:01,961 - INFO - 0 Inseridos na tabela omdb.genero
[2025-02-13T01:06:01.969+0000] {subprocess.py:106} INFO - 2025-02-13 01:06:01,969 - INFO - Iniciando o inserção na tabela: omdb.filme_genero
[2025-02-13T01:06:01.971+0000] {subprocess.py:106} INFO - 2025-02-13 01:06:01,971 - INFO - 0 Inseridos na tabela omdb.filme_genero
[2025-02-13T01:06:01.973+0000] {subprocess.py:106} INFO - 2025-02-13 01:06:01,973 - INFO - Conexão finalizada com o banco
[2025-02-13T01:06:01.973+0000] {subprocess.py:106} INFO - 2025-02-13 01:06:01,973 - INFO - Fim do processo de ingestão.
[2025-02-13T01:06:02.084+0000] {subprocess.py:110} INFO - Command exited with return code 0
[2025-02-13T01:06:02.106+0000] {taskinstance.py:341} INFO - ::group::Post task execution logs
[2025-02-13T01:06:02.107+0000] {taskinstance.py:353} INFO - Marking task as SUCCESS. dag_id=call_omdb_api, task_id=get_omdb_filme, run_id=scheduled__2025-02-13T01:05:00+00:00, execution_date=20250213T010500, start_date=20250213T010600, end_date=20250213T010602
[2025-02-13T01:06:02.172+0000] {local_task_job_runner.py:266} INFO - Task exited with return code 0
[2025-02-13T01:06:02.185+0000] {taskinstance.py:3901} INFO - 0 downstream tasks scheduled from follow-on schedule check
[2025-02-13T01:06:02.187+0000] {local_task_job_runner.py:245} INFO - ::endgroup::
