[2025-02-13T00:48:01.001+0000] {local_task_job_runner.py:123} INFO - ::group::Pre task execution logs
[2025-02-13T00:48:01.015+0000] {taskinstance.py:2614} INFO - Dependencies all met for dep_context=non-requeueable deps ti=<TaskInstance: call_omdb_api.get_omdb_filme scheduled__2025-02-13T00:47:00+00:00 [queued]>
[2025-02-13T00:48:01.023+0000] {taskinstance.py:2614} INFO - Dependencies all met for dep_context=requeueable deps ti=<TaskInstance: call_omdb_api.get_omdb_filme scheduled__2025-02-13T00:47:00+00:00 [queued]>
[2025-02-13T00:48:01.024+0000] {taskinstance.py:2867} INFO - Starting attempt 1 of 2
[2025-02-13T00:48:01.035+0000] {taskinstance.py:2890} INFO - Executing <Task(BashOperator): get_omdb_filme> on 2025-02-13 00:47:00+00:00
[2025-02-13T00:48:01.040+0000] {warnings.py:112} WARNING - /home/***/.local/lib/python3.12/site-packages/***/task/task_runner/standard_task_runner.py:70: DeprecationWarning: This process (pid=2167) is multi-threaded, use of fork() may lead to deadlocks in the child.
  pid = os.fork()

[2025-02-13T00:48:01.041+0000] {standard_task_runner.py:72} INFO - Started process 2168 to run task
[2025-02-13T00:48:01.042+0000] {standard_task_runner.py:104} INFO - Running: ['***', 'tasks', 'run', 'call_omdb_api', 'get_omdb_filme', 'scheduled__2025-02-13T00:47:00+00:00', '--job-id', '87', '--raw', '--subdir', 'DAGS_FOLDER/call_api.py', '--cfg-path', '/tmp/tmp_m55wk1h']
[2025-02-13T00:48:01.043+0000] {standard_task_runner.py:105} INFO - Job 87: Subtask get_omdb_filme
[2025-02-13T00:48:01.083+0000] {task_command.py:467} INFO - Running <TaskInstance: call_omdb_api.get_omdb_filme scheduled__2025-02-13T00:47:00+00:00 [running]> on host 76fc25d1410f
[2025-02-13T00:48:01.155+0000] {taskinstance.py:3134} INFO - Exporting env vars: AIRFLOW_CTX_DAG_OWNER='Celso Cazetto' AIRFLOW_CTX_DAG_ID='call_omdb_api' AIRFLOW_CTX_TASK_ID='get_omdb_filme' AIRFLOW_CTX_EXECUTION_DATE='2025-02-13T00:47:00+00:00' AIRFLOW_CTX_TRY_NUMBER='1' AIRFLOW_CTX_DAG_RUN_ID='scheduled__2025-02-13T00:47:00+00:00'
[2025-02-13T00:48:01.156+0000] {taskinstance.py:732} INFO - ::endgroup::
[2025-02-13T00:48:01.167+0000] {subprocess.py:78} INFO - Tmp dir root location: /tmp
[2025-02-13T00:48:01.170+0000] {subprocess.py:88} INFO - Running command: ['/usr/bin/bash', '-c', 'source /home/***/venv/omdb_env/bin/activate && python /opt/***/pipeline/main.py']
[2025-02-13T00:48:01.180+0000] {subprocess.py:99} INFO - Output:
[2025-02-13T00:48:02.391+0000] {subprocess.py:106} INFO - 2025-02-13 00:48:02,390 - INFO - Carregando o arquivo de configuração
[2025-02-13T00:48:02.392+0000] {subprocess.py:106} INFO - 2025-02-13 00:48:02,391 - INFO - Buscando os dados de filme do ID:tt0371746
[2025-02-13T00:48:02.727+0000] {subprocess.py:106} INFO - 2025-02-13 00:48:02,727 - INFO - Dados da API carregados com sucesso
[2025-02-13T00:48:02.728+0000] {subprocess.py:106} INFO - 2025-02-13 00:48:02,727 - INFO - Iniciando transformação dos dados.
[2025-02-13T00:48:02.737+0000] {subprocess.py:106} INFO - 2025-02-13 00:48:02,737 - INFO - Estabelecendo conexão com o banco de dados:
[2025-02-13T00:48:02.772+0000] {subprocess.py:106} INFO - 2025-02-13 00:48:02,772 - INFO - Conexão estabelecida com sucesso.
[2025-02-13T00:48:02.797+0000] {subprocess.py:106} INFO - 2025-02-13 00:48:02,796 - INFO - Iniciando o inserção na tabela: omdb.filmes
[2025-02-13T00:48:02.800+0000] {subprocess.py:106} INFO - 2025-02-13 00:48:02,800 - INFO - 0 Inseridos na tabela omdb.filmes
[2025-02-13T00:48:02.806+0000] {subprocess.py:106} INFO - 2025-02-13 00:48:02,806 - INFO - Iniciando o inserção na tabela: omdb.genero
[2025-02-13T00:48:02.808+0000] {subprocess.py:106} INFO - 2025-02-13 00:48:02,808 - INFO - 0 Inseridos na tabela omdb.genero
[2025-02-13T00:48:02.818+0000] {subprocess.py:106} INFO - 2025-02-13 00:48:02,818 - INFO - Iniciando o inserção na tabela: omdb.filme_genero
[2025-02-13T00:48:02.820+0000] {subprocess.py:106} INFO - 2025-02-13 00:48:02,820 - INFO - 0 Inseridos na tabela omdb.filme_genero
[2025-02-13T00:48:02.824+0000] {subprocess.py:106} INFO - 2025-02-13 00:48:02,824 - INFO - Conexão finalizada com o banco
[2025-02-13T00:48:02.824+0000] {subprocess.py:106} INFO - 2025-02-13 00:48:02,824 - INFO - Fim do processo de ingestão.
[2025-02-13T00:48:03.031+0000] {subprocess.py:110} INFO - Command exited with return code 0
[2025-02-13T00:48:03.056+0000] {taskinstance.py:341} INFO - ::group::Post task execution logs
[2025-02-13T00:48:03.057+0000] {taskinstance.py:353} INFO - Marking task as SUCCESS. dag_id=call_omdb_api, task_id=get_omdb_filme, run_id=scheduled__2025-02-13T00:47:00+00:00, execution_date=20250213T004700, start_date=20250213T004801, end_date=20250213T004803
[2025-02-13T00:48:03.108+0000] {local_task_job_runner.py:266} INFO - Task exited with return code 0
[2025-02-13T00:48:03.124+0000] {taskinstance.py:3901} INFO - 0 downstream tasks scheduled from follow-on schedule check
[2025-02-13T00:48:03.126+0000] {local_task_job_runner.py:245} INFO - ::endgroup::
