[2025-02-13T00:46:01.164+0000] {local_task_job_runner.py:123} INFO - ::group::Pre task execution logs
[2025-02-13T00:46:01.184+0000] {taskinstance.py:2614} INFO - Dependencies all met for dep_context=non-requeueable deps ti=<TaskInstance: call_omdb_api.get_omdb_filme scheduled__2025-02-13T00:45:00+00:00 [queued]>
[2025-02-13T00:46:01.191+0000] {taskinstance.py:2614} INFO - Dependencies all met for dep_context=requeueable deps ti=<TaskInstance: call_omdb_api.get_omdb_filme scheduled__2025-02-13T00:45:00+00:00 [queued]>
[2025-02-13T00:46:01.192+0000] {taskinstance.py:2867} INFO - Starting attempt 1 of 2
[2025-02-13T00:46:01.205+0000] {taskinstance.py:2890} INFO - Executing <Task(BashOperator): get_omdb_filme> on 2025-02-13 00:45:00+00:00
[2025-02-13T00:46:01.212+0000] {warnings.py:112} WARNING - /home/***/.local/lib/python3.12/site-packages/***/task/task_runner/standard_task_runner.py:70: DeprecationWarning: This process (pid=2109) is multi-threaded, use of fork() may lead to deadlocks in the child.
  pid = os.fork()

[2025-02-13T00:46:01.214+0000] {standard_task_runner.py:72} INFO - Started process 2110 to run task
[2025-02-13T00:46:01.215+0000] {standard_task_runner.py:104} INFO - Running: ['***', 'tasks', 'run', 'call_omdb_api', 'get_omdb_filme', 'scheduled__2025-02-13T00:45:00+00:00', '--job-id', '85', '--raw', '--subdir', 'DAGS_FOLDER/call_api.py', '--cfg-path', '/tmp/tmpzkvlkmsq']
[2025-02-13T00:46:01.216+0000] {standard_task_runner.py:105} INFO - Job 85: Subtask get_omdb_filme
[2025-02-13T00:46:01.272+0000] {task_command.py:467} INFO - Running <TaskInstance: call_omdb_api.get_omdb_filme scheduled__2025-02-13T00:45:00+00:00 [running]> on host 76fc25d1410f
[2025-02-13T00:46:01.347+0000] {taskinstance.py:3134} INFO - Exporting env vars: AIRFLOW_CTX_DAG_OWNER='Celso Cazetto' AIRFLOW_CTX_DAG_ID='call_omdb_api' AIRFLOW_CTX_TASK_ID='get_omdb_filme' AIRFLOW_CTX_EXECUTION_DATE='2025-02-13T00:45:00+00:00' AIRFLOW_CTX_TRY_NUMBER='1' AIRFLOW_CTX_DAG_RUN_ID='scheduled__2025-02-13T00:45:00+00:00'
[2025-02-13T00:46:01.348+0000] {taskinstance.py:732} INFO - ::endgroup::
[2025-02-13T00:46:01.361+0000] {subprocess.py:78} INFO - Tmp dir root location: /tmp
[2025-02-13T00:46:01.363+0000] {subprocess.py:88} INFO - Running command: ['/usr/bin/bash', '-c', 'source /home/***/venv/omdb_env/bin/activate && python /opt/***/pipeline/main.py']
[2025-02-13T00:46:01.375+0000] {subprocess.py:99} INFO - Output:
[2025-02-13T00:46:02.574+0000] {subprocess.py:106} INFO - 2025-02-13 00:46:02,574 - INFO - Carregando o arquivo de configuração
[2025-02-13T00:46:02.575+0000] {subprocess.py:106} INFO - 2025-02-13 00:46:02,575 - INFO - Buscando os dados de filme do ID:tt0371746
[2025-02-13T00:46:02.687+0000] {subprocess.py:106} INFO - 2025-02-13 00:46:02,687 - INFO - Dados da API carregados com sucesso
[2025-02-13T00:46:02.688+0000] {subprocess.py:106} INFO - 2025-02-13 00:46:02,687 - INFO - Iniciando transformação dos dados.
[2025-02-13T00:46:02.698+0000] {subprocess.py:106} INFO - 2025-02-13 00:46:02,698 - INFO - Estabelecendo conexão com o banco de dados:
[2025-02-13T00:46:02.741+0000] {subprocess.py:106} INFO - 2025-02-13 00:46:02,741 - INFO - Conexão estabelecida com sucesso.
[2025-02-13T00:46:02.771+0000] {subprocess.py:106} INFO - 2025-02-13 00:46:02,770 - INFO - Iniciando o inserção na tabela: omdb.filmes
[2025-02-13T00:46:02.774+0000] {subprocess.py:106} INFO - 2025-02-13 00:46:02,774 - INFO - 0 Inseridos na tabela omdb.filmes
[2025-02-13T00:46:02.780+0000] {subprocess.py:106} INFO - 2025-02-13 00:46:02,780 - INFO - Iniciando o inserção na tabela: omdb.genero
[2025-02-13T00:46:02.782+0000] {subprocess.py:106} INFO - 2025-02-13 00:46:02,782 - INFO - 0 Inseridos na tabela omdb.genero
[2025-02-13T00:46:02.790+0000] {subprocess.py:106} INFO - 2025-02-13 00:46:02,790 - INFO - Iniciando o inserção na tabela: omdb.filme_genero
[2025-02-13T00:46:02.792+0000] {subprocess.py:106} INFO - 2025-02-13 00:46:02,792 - INFO - 0 Inseridos na tabela omdb.filme_genero
[2025-02-13T00:46:02.794+0000] {subprocess.py:106} INFO - 2025-02-13 00:46:02,794 - INFO - Conexão finalizada com o banco
[2025-02-13T00:46:02.794+0000] {subprocess.py:106} INFO - 2025-02-13 00:46:02,794 - INFO - Fim do processo de ingestão.
[2025-02-13T00:46:02.978+0000] {subprocess.py:110} INFO - Command exited with return code 0
[2025-02-13T00:46:03.007+0000] {taskinstance.py:341} INFO - ::group::Post task execution logs
[2025-02-13T00:46:03.008+0000] {taskinstance.py:353} INFO - Marking task as SUCCESS. dag_id=call_omdb_api, task_id=get_omdb_filme, run_id=scheduled__2025-02-13T00:45:00+00:00, execution_date=20250213T004500, start_date=20250213T004601, end_date=20250213T004603
[2025-02-13T00:46:03.115+0000] {local_task_job_runner.py:266} INFO - Task exited with return code 0
[2025-02-13T00:46:03.137+0000] {taskinstance.py:3901} INFO - 0 downstream tasks scheduled from follow-on schedule check
[2025-02-13T00:46:03.139+0000] {local_task_job_runner.py:245} INFO - ::endgroup::
