[2025-02-13T00:43:21.426+0000] {local_task_job_runner.py:123} INFO - ::group::Pre task execution logs
[2025-02-13T00:43:21.447+0000] {taskinstance.py:2614} INFO - Dependencies all met for dep_context=non-requeueable deps ti=<TaskInstance: call_omdb_api.get_omdb_filme scheduled__2025-02-13T00:42:00+00:00 [queued]>
[2025-02-13T00:43:21.456+0000] {taskinstance.py:2614} INFO - Dependencies all met for dep_context=requeueable deps ti=<TaskInstance: call_omdb_api.get_omdb_filme scheduled__2025-02-13T00:42:00+00:00 [queued]>
[2025-02-13T00:43:21.458+0000] {taskinstance.py:2867} INFO - Starting attempt 1 of 2
[2025-02-13T00:43:21.470+0000] {taskinstance.py:2890} INFO - Executing <Task(BashOperator): get_omdb_filme> on 2025-02-13 00:42:00+00:00
[2025-02-13T00:43:21.479+0000] {warnings.py:112} WARNING - /home/***/.local/lib/python3.12/site-packages/***/task/task_runner/standard_task_runner.py:70: DeprecationWarning: This process (pid=2035) is multi-threaded, use of fork() may lead to deadlocks in the child.
  pid = os.fork()

[2025-02-13T00:43:21.482+0000] {standard_task_runner.py:72} INFO - Started process 2036 to run task
[2025-02-13T00:43:21.481+0000] {standard_task_runner.py:104} INFO - Running: ['***', 'tasks', 'run', 'call_omdb_api', 'get_omdb_filme', 'scheduled__2025-02-13T00:42:00+00:00', '--job-id', '82', '--raw', '--subdir', 'DAGS_FOLDER/call_api.py', '--cfg-path', '/tmp/tmp6k766_rg']
[2025-02-13T00:43:21.483+0000] {standard_task_runner.py:105} INFO - Job 82: Subtask get_omdb_filme
[2025-02-13T00:43:21.537+0000] {task_command.py:467} INFO - Running <TaskInstance: call_omdb_api.get_omdb_filme scheduled__2025-02-13T00:42:00+00:00 [running]> on host 76fc25d1410f
[2025-02-13T00:43:21.648+0000] {taskinstance.py:3134} INFO - Exporting env vars: AIRFLOW_CTX_DAG_OWNER='Celso Cazetto' AIRFLOW_CTX_DAG_ID='call_omdb_api' AIRFLOW_CTX_TASK_ID='get_omdb_filme' AIRFLOW_CTX_EXECUTION_DATE='2025-02-13T00:42:00+00:00' AIRFLOW_CTX_TRY_NUMBER='1' AIRFLOW_CTX_DAG_RUN_ID='scheduled__2025-02-13T00:42:00+00:00'
[2025-02-13T00:43:21.650+0000] {taskinstance.py:732} INFO - ::endgroup::
[2025-02-13T00:43:21.665+0000] {subprocess.py:78} INFO - Tmp dir root location: /tmp
[2025-02-13T00:43:21.667+0000] {subprocess.py:88} INFO - Running command: ['/usr/bin/bash', '-c', 'source /home/***/venv/omdb_env/bin/activate && python /opt/***/pipeline/main.py']
[2025-02-13T00:43:21.685+0000] {subprocess.py:99} INFO - Output:
[2025-02-13T00:43:23.046+0000] {subprocess.py:106} INFO - 2025-02-13 00:43:23,046 - INFO - Carregando o arquivo de configuração
[2025-02-13T00:43:23.047+0000] {subprocess.py:106} INFO - 2025-02-13 00:43:23,047 - INFO - Buscando os dados de filme do ID:tt0371746
[2025-02-13T00:43:23.190+0000] {subprocess.py:106} INFO - 2025-02-13 00:43:23,190 - INFO - Dados da API carregados com sucesso
[2025-02-13T00:43:23.191+0000] {subprocess.py:106} INFO - 2025-02-13 00:43:23,190 - INFO - Iniciando transformação dos dados.
[2025-02-13T00:43:23.199+0000] {subprocess.py:106} INFO - 2025-02-13 00:43:23,199 - INFO - Estabelecendo conexão com o banco de dados:
[2025-02-13T00:43:23.248+0000] {subprocess.py:106} INFO - 2025-02-13 00:43:23,248 - INFO - Conexão estabelecida com sucesso.
[2025-02-13T00:43:23.283+0000] {subprocess.py:106} INFO - 2025-02-13 00:43:23,283 - INFO - Iniciando o inserção na tabela: omdb.filmes
[2025-02-13T00:43:23.288+0000] {subprocess.py:106} INFO - 2025-02-13 00:43:23,288 - INFO - 1 Inseridos na tabela omdb.filmes
[2025-02-13T00:43:23.294+0000] {subprocess.py:106} INFO - 2025-02-13 00:43:23,294 - INFO - Iniciando o inserção na tabela: omdb.genero
[2025-02-13T00:43:23.296+0000] {subprocess.py:106} INFO - 2025-02-13 00:43:23,296 - INFO - 3 Inseridos na tabela omdb.genero
[2025-02-13T00:43:23.307+0000] {subprocess.py:106} INFO - 2025-02-13 00:43:23,307 - INFO - Iniciando o inserção na tabela: omdb.filme_genero
[2025-02-13T00:43:23.311+0000] {subprocess.py:106} INFO - 2025-02-13 00:43:23,311 - INFO - 3 Inseridos na tabela omdb.filme_genero
[2025-02-13T00:43:23.316+0000] {subprocess.py:106} INFO - 2025-02-13 00:43:23,316 - INFO - Conexão finalizada com o banco
[2025-02-13T00:43:23.317+0000] {subprocess.py:106} INFO - 2025-02-13 00:43:23,316 - INFO - Fim do processo de ingestão.
[2025-02-13T00:43:23.503+0000] {subprocess.py:110} INFO - Command exited with return code 0
[2025-02-13T00:43:23.529+0000] {taskinstance.py:341} INFO - ::group::Post task execution logs
[2025-02-13T00:43:23.530+0000] {taskinstance.py:353} INFO - Marking task as SUCCESS. dag_id=call_omdb_api, task_id=get_omdb_filme, run_id=scheduled__2025-02-13T00:42:00+00:00, execution_date=20250213T004200, start_date=20250213T004321, end_date=20250213T004323
[2025-02-13T00:43:23.587+0000] {local_task_job_runner.py:266} INFO - Task exited with return code 0
[2025-02-13T00:43:23.604+0000] {taskinstance.py:3901} INFO - 0 downstream tasks scheduled from follow-on schedule check
[2025-02-13T00:43:23.606+0000] {local_task_job_runner.py:245} INFO - ::endgroup::
