[2025-02-13T00:59:00.764+0000] {local_task_job_runner.py:123} INFO - ::group::Pre task execution logs
[2025-02-13T00:59:00.778+0000] {taskinstance.py:2614} INFO - Dependencies all met for dep_context=non-requeueable deps ti=<TaskInstance: call_omdb_api.get_omdb_filme scheduled__2025-02-13T00:58:00+00:00 [queued]>
[2025-02-13T00:59:00.786+0000] {taskinstance.py:2614} INFO - Dependencies all met for dep_context=requeueable deps ti=<TaskInstance: call_omdb_api.get_omdb_filme scheduled__2025-02-13T00:58:00+00:00 [queued]>
[2025-02-13T00:59:00.787+0000] {taskinstance.py:2867} INFO - Starting attempt 1 of 2
[2025-02-13T00:59:00.797+0000] {taskinstance.py:2890} INFO - Executing <Task(BashOperator): get_omdb_filme> on 2025-02-13 00:58:00+00:00
[2025-02-13T00:59:00.803+0000] {warnings.py:112} WARNING - /home/***/.local/lib/python3.12/site-packages/***/task/task_runner/standard_task_runner.py:70: DeprecationWarning: This process (pid=2471) is multi-threaded, use of fork() may lead to deadlocks in the child.
  pid = os.fork()

[2025-02-13T00:59:00.804+0000] {standard_task_runner.py:72} INFO - Started process 2472 to run task
[2025-02-13T00:59:00.805+0000] {standard_task_runner.py:104} INFO - Running: ['***', 'tasks', 'run', 'call_omdb_api', 'get_omdb_filme', 'scheduled__2025-02-13T00:58:00+00:00', '--job-id', '98', '--raw', '--subdir', 'DAGS_FOLDER/call_api.py', '--cfg-path', '/tmp/tmpfo6gt2l9']
[2025-02-13T00:59:00.807+0000] {standard_task_runner.py:105} INFO - Job 98: Subtask get_omdb_filme
[2025-02-13T00:59:00.848+0000] {task_command.py:467} INFO - Running <TaskInstance: call_omdb_api.get_omdb_filme scheduled__2025-02-13T00:58:00+00:00 [running]> on host 76fc25d1410f
[2025-02-13T00:59:00.922+0000] {taskinstance.py:3134} INFO - Exporting env vars: AIRFLOW_CTX_DAG_OWNER='Celso Cazetto' AIRFLOW_CTX_DAG_ID='call_omdb_api' AIRFLOW_CTX_TASK_ID='get_omdb_filme' AIRFLOW_CTX_EXECUTION_DATE='2025-02-13T00:58:00+00:00' AIRFLOW_CTX_TRY_NUMBER='1' AIRFLOW_CTX_DAG_RUN_ID='scheduled__2025-02-13T00:58:00+00:00'
[2025-02-13T00:59:00.924+0000] {taskinstance.py:732} INFO - ::endgroup::
[2025-02-13T00:59:00.937+0000] {subprocess.py:78} INFO - Tmp dir root location: /tmp
[2025-02-13T00:59:00.938+0000] {subprocess.py:88} INFO - Running command: ['/usr/bin/bash', '-c', 'source /home/***/venv/omdb_env/bin/activate && python /opt/***/pipeline/main.py']
[2025-02-13T00:59:00.949+0000] {subprocess.py:99} INFO - Output:
[2025-02-13T00:59:02.064+0000] {subprocess.py:106} INFO - 2025-02-13 00:59:02,064 - INFO - Carregando o arquivo de configuração
[2025-02-13T00:59:02.065+0000] {subprocess.py:106} INFO - 2025-02-13 00:59:02,065 - INFO - Buscando os dados de filme do ID:tt0371746
[2025-02-13T00:59:02.182+0000] {subprocess.py:106} INFO - 2025-02-13 00:59:02,182 - INFO - Dados da API carregados com sucesso
[2025-02-13T00:59:02.183+0000] {subprocess.py:106} INFO - 2025-02-13 00:59:02,182 - INFO - Iniciando transformação dos dados.
[2025-02-13T00:59:02.196+0000] {subprocess.py:106} INFO - 2025-02-13 00:59:02,196 - INFO - Estabelecendo conexão com o banco de dados:
[2025-02-13T00:59:02.248+0000] {subprocess.py:106} INFO - 2025-02-13 00:59:02,248 - INFO - Conexão estabelecida com sucesso.
[2025-02-13T00:59:02.279+0000] {subprocess.py:106} INFO - 2025-02-13 00:59:02,279 - INFO - Iniciando o inserção na tabela: omdb.filmes
[2025-02-13T00:59:02.284+0000] {subprocess.py:106} INFO - 2025-02-13 00:59:02,283 - INFO - 0 Inseridos na tabela omdb.filmes
[2025-02-13T00:59:02.288+0000] {subprocess.py:106} INFO - 2025-02-13 00:59:02,288 - INFO - Iniciando o inserção na tabela: omdb.genero
[2025-02-13T00:59:02.292+0000] {subprocess.py:106} INFO - 2025-02-13 00:59:02,291 - INFO - 0 Inseridos na tabela omdb.genero
[2025-02-13T00:59:02.309+0000] {subprocess.py:106} INFO - 2025-02-13 00:59:02,308 - INFO - Iniciando o inserção na tabela: omdb.filme_genero
[2025-02-13T00:59:02.314+0000] {subprocess.py:106} INFO - 2025-02-13 00:59:02,314 - INFO - 0 Inseridos na tabela omdb.filme_genero
[2025-02-13T00:59:02.317+0000] {subprocess.py:106} INFO - 2025-02-13 00:59:02,317 - INFO - Conexão finalizada com o banco
[2025-02-13T00:59:02.318+0000] {subprocess.py:106} INFO - 2025-02-13 00:59:02,317 - INFO - Fim do processo de ingestão.
[2025-02-13T00:59:02.639+0000] {subprocess.py:110} INFO - Command exited with return code 0
[2025-02-13T00:59:02.670+0000] {taskinstance.py:341} INFO - ::group::Post task execution logs
[2025-02-13T00:59:02.671+0000] {taskinstance.py:353} INFO - Marking task as SUCCESS. dag_id=call_omdb_api, task_id=get_omdb_filme, run_id=scheduled__2025-02-13T00:58:00+00:00, execution_date=20250213T005800, start_date=20250213T005900, end_date=20250213T005902
[2025-02-13T00:59:02.747+0000] {local_task_job_runner.py:266} INFO - Task exited with return code 0
[2025-02-13T00:59:02.763+0000] {taskinstance.py:3901} INFO - 0 downstream tasks scheduled from follow-on schedule check
[2025-02-13T00:59:02.766+0000] {local_task_job_runner.py:245} INFO - ::endgroup::
