[2025-02-13T00:52:00.555+0000] {local_task_job_runner.py:123} INFO - ::group::Pre task execution logs
[2025-02-13T00:52:00.569+0000] {taskinstance.py:2614} INFO - Dependencies all met for dep_context=non-requeueable deps ti=<TaskInstance: call_omdb_api.get_omdb_filme scheduled__2025-02-13T00:51:00+00:00 [queued]>
[2025-02-13T00:52:00.578+0000] {taskinstance.py:2614} INFO - Dependencies all met for dep_context=requeueable deps ti=<TaskInstance: call_omdb_api.get_omdb_filme scheduled__2025-02-13T00:51:00+00:00 [queued]>
[2025-02-13T00:52:00.579+0000] {taskinstance.py:2867} INFO - Starting attempt 1 of 2
[2025-02-13T00:52:00.590+0000] {taskinstance.py:2890} INFO - Executing <Task(BashOperator): get_omdb_filme> on 2025-02-13 00:51:00+00:00
[2025-02-13T00:52:00.595+0000] {warnings.py:112} WARNING - /home/***/.local/lib/python3.12/site-packages/***/task/task_runner/standard_task_runner.py:70: DeprecationWarning: This process (pid=2275) is multi-threaded, use of fork() may lead to deadlocks in the child.
  pid = os.fork()

[2025-02-13T00:52:00.597+0000] {standard_task_runner.py:72} INFO - Started process 2276 to run task
[2025-02-13T00:52:00.597+0000] {standard_task_runner.py:104} INFO - Running: ['***', 'tasks', 'run', 'call_omdb_api', 'get_omdb_filme', 'scheduled__2025-02-13T00:51:00+00:00', '--job-id', '91', '--raw', '--subdir', 'DAGS_FOLDER/call_api.py', '--cfg-path', '/tmp/tmpzbkei_vb']
[2025-02-13T00:52:00.598+0000] {standard_task_runner.py:105} INFO - Job 91: Subtask get_omdb_filme
[2025-02-13T00:52:00.642+0000] {task_command.py:467} INFO - Running <TaskInstance: call_omdb_api.get_omdb_filme scheduled__2025-02-13T00:51:00+00:00 [running]> on host 76fc25d1410f
[2025-02-13T00:52:00.717+0000] {taskinstance.py:3134} INFO - Exporting env vars: AIRFLOW_CTX_DAG_OWNER='Celso Cazetto' AIRFLOW_CTX_DAG_ID='call_omdb_api' AIRFLOW_CTX_TASK_ID='get_omdb_filme' AIRFLOW_CTX_EXECUTION_DATE='2025-02-13T00:51:00+00:00' AIRFLOW_CTX_TRY_NUMBER='1' AIRFLOW_CTX_DAG_RUN_ID='scheduled__2025-02-13T00:51:00+00:00'
[2025-02-13T00:52:00.718+0000] {taskinstance.py:732} INFO - ::endgroup::
[2025-02-13T00:52:00.731+0000] {subprocess.py:78} INFO - Tmp dir root location: /tmp
[2025-02-13T00:52:00.733+0000] {subprocess.py:88} INFO - Running command: ['/usr/bin/bash', '-c', 'source /home/***/venv/omdb_env/bin/activate && python /opt/***/pipeline/main.py']
[2025-02-13T00:52:00.745+0000] {subprocess.py:99} INFO - Output:
[2025-02-13T00:52:01.806+0000] {subprocess.py:106} INFO - 2025-02-13 00:52:01,806 - INFO - Carregando o arquivo de configuração
[2025-02-13T00:52:01.807+0000] {subprocess.py:106} INFO - 2025-02-13 00:52:01,807 - INFO - Buscando os dados de filme do ID:tt0371746
[2025-02-13T00:52:01.923+0000] {subprocess.py:106} INFO - 2025-02-13 00:52:01,922 - INFO - Dados da API carregados com sucesso
[2025-02-13T00:52:01.924+0000] {subprocess.py:106} INFO - 2025-02-13 00:52:01,923 - INFO - Iniciando transformação dos dados.
[2025-02-13T00:52:01.935+0000] {subprocess.py:106} INFO - 2025-02-13 00:52:01,934 - INFO - Estabelecendo conexão com o banco de dados:
[2025-02-13T00:52:01.982+0000] {subprocess.py:106} INFO - 2025-02-13 00:52:01,981 - INFO - Conexão estabelecida com sucesso.
[2025-02-13T00:52:02.022+0000] {subprocess.py:106} INFO - 2025-02-13 00:52:02,022 - INFO - Iniciando o inserção na tabela: omdb.filmes
[2025-02-13T00:52:02.028+0000] {subprocess.py:106} INFO - 2025-02-13 00:52:02,028 - INFO - 0 Inseridos na tabela omdb.filmes
[2025-02-13T00:52:02.036+0000] {subprocess.py:106} INFO - 2025-02-13 00:52:02,036 - INFO - Iniciando o inserção na tabela: omdb.genero
[2025-02-13T00:52:02.039+0000] {subprocess.py:106} INFO - 2025-02-13 00:52:02,039 - INFO - 0 Inseridos na tabela omdb.genero
[2025-02-13T00:52:02.054+0000] {subprocess.py:106} INFO - 2025-02-13 00:52:02,054 - INFO - Iniciando o inserção na tabela: omdb.filme_genero
[2025-02-13T00:52:02.056+0000] {subprocess.py:106} INFO - 2025-02-13 00:52:02,056 - INFO - 0 Inseridos na tabela omdb.filme_genero
[2025-02-13T00:52:02.058+0000] {subprocess.py:106} INFO - 2025-02-13 00:52:02,058 - INFO - Conexão finalizada com o banco
[2025-02-13T00:52:02.058+0000] {subprocess.py:106} INFO - 2025-02-13 00:52:02,058 - INFO - Fim do processo de ingestão.
[2025-02-13T00:52:02.283+0000] {subprocess.py:110} INFO - Command exited with return code 0
[2025-02-13T00:52:02.308+0000] {taskinstance.py:341} INFO - ::group::Post task execution logs
[2025-02-13T00:52:02.309+0000] {taskinstance.py:353} INFO - Marking task as SUCCESS. dag_id=call_omdb_api, task_id=get_omdb_filme, run_id=scheduled__2025-02-13T00:51:00+00:00, execution_date=20250213T005100, start_date=20250213T005200, end_date=20250213T005202
[2025-02-13T00:52:02.381+0000] {local_task_job_runner.py:266} INFO - Task exited with return code 0
[2025-02-13T00:52:02.398+0000] {taskinstance.py:3901} INFO - 0 downstream tasks scheduled from follow-on schedule check
[2025-02-13T00:52:02.401+0000] {local_task_job_runner.py:245} INFO - ::endgroup::
