[2025-02-13T00:58:00.709+0000] {local_task_job_runner.py:123} INFO - ::group::Pre task execution logs
[2025-02-13T00:58:00.725+0000] {taskinstance.py:2614} INFO - Dependencies all met for dep_context=non-requeueable deps ti=<TaskInstance: call_omdb_api.get_omdb_filme scheduled__2025-02-13T00:57:00+00:00 [queued]>
[2025-02-13T00:58:00.733+0000] {taskinstance.py:2614} INFO - Dependencies all met for dep_context=requeueable deps ti=<TaskInstance: call_omdb_api.get_omdb_filme scheduled__2025-02-13T00:57:00+00:00 [queued]>
[2025-02-13T00:58:00.734+0000] {taskinstance.py:2867} INFO - Starting attempt 1 of 2
[2025-02-13T00:58:00.748+0000] {taskinstance.py:2890} INFO - Executing <Task(BashOperator): get_omdb_filme> on 2025-02-13 00:57:00+00:00
[2025-02-13T00:58:00.755+0000] {warnings.py:112} WARNING - /home/***/.local/lib/python3.12/site-packages/***/task/task_runner/standard_task_runner.py:70: DeprecationWarning: This process (pid=2442) is multi-threaded, use of fork() may lead to deadlocks in the child.
  pid = os.fork()

[2025-02-13T00:58:00.757+0000] {standard_task_runner.py:72} INFO - Started process 2443 to run task
[2025-02-13T00:58:00.757+0000] {standard_task_runner.py:104} INFO - Running: ['***', 'tasks', 'run', 'call_omdb_api', 'get_omdb_filme', 'scheduled__2025-02-13T00:57:00+00:00', '--job-id', '97', '--raw', '--subdir', 'DAGS_FOLDER/call_api.py', '--cfg-path', '/tmp/tmp3yktrt3v']
[2025-02-13T00:58:00.758+0000] {standard_task_runner.py:105} INFO - Job 97: Subtask get_omdb_filme
[2025-02-13T00:58:00.802+0000] {task_command.py:467} INFO - Running <TaskInstance: call_omdb_api.get_omdb_filme scheduled__2025-02-13T00:57:00+00:00 [running]> on host 76fc25d1410f
[2025-02-13T00:58:00.881+0000] {taskinstance.py:3134} INFO - Exporting env vars: AIRFLOW_CTX_DAG_OWNER='Celso Cazetto' AIRFLOW_CTX_DAG_ID='call_omdb_api' AIRFLOW_CTX_TASK_ID='get_omdb_filme' AIRFLOW_CTX_EXECUTION_DATE='2025-02-13T00:57:00+00:00' AIRFLOW_CTX_TRY_NUMBER='1' AIRFLOW_CTX_DAG_RUN_ID='scheduled__2025-02-13T00:57:00+00:00'
[2025-02-13T00:58:00.881+0000] {taskinstance.py:732} INFO - ::endgroup::
[2025-02-13T00:58:00.894+0000] {subprocess.py:78} INFO - Tmp dir root location: /tmp
[2025-02-13T00:58:00.897+0000] {subprocess.py:88} INFO - Running command: ['/usr/bin/bash', '-c', 'source /home/***/venv/omdb_env/bin/activate && python /opt/***/pipeline/main.py']
[2025-02-13T00:58:00.908+0000] {subprocess.py:99} INFO - Output:
[2025-02-13T00:58:02.044+0000] {subprocess.py:106} INFO - 2025-02-13 00:58:02,044 - INFO - Carregando o arquivo de configuração
[2025-02-13T00:58:02.046+0000] {subprocess.py:106} INFO - 2025-02-13 00:58:02,045 - INFO - Buscando os dados de filme do ID:tt0371746
[2025-02-13T00:58:02.230+0000] {subprocess.py:106} INFO - 2025-02-13 00:58:02,230 - INFO - Dados da API carregados com sucesso
[2025-02-13T00:58:02.231+0000] {subprocess.py:106} INFO - 2025-02-13 00:58:02,231 - INFO - Iniciando transformação dos dados.
[2025-02-13T00:58:02.244+0000] {subprocess.py:106} INFO - 2025-02-13 00:58:02,244 - INFO - Estabelecendo conexão com o banco de dados:
[2025-02-13T00:58:02.292+0000] {subprocess.py:106} INFO - 2025-02-13 00:58:02,292 - INFO - Conexão estabelecida com sucesso.
[2025-02-13T00:58:02.319+0000] {subprocess.py:106} INFO - 2025-02-13 00:58:02,319 - INFO - Iniciando o inserção na tabela: omdb.filmes
[2025-02-13T00:58:02.325+0000] {subprocess.py:106} INFO - 2025-02-13 00:58:02,325 - INFO - 0 Inseridos na tabela omdb.filmes
[2025-02-13T00:58:02.331+0000] {subprocess.py:106} INFO - 2025-02-13 00:58:02,331 - INFO - Iniciando o inserção na tabela: omdb.genero
[2025-02-13T00:58:02.333+0000] {subprocess.py:106} INFO - 2025-02-13 00:58:02,333 - INFO - 0 Inseridos na tabela omdb.genero
[2025-02-13T00:58:02.347+0000] {subprocess.py:106} INFO - 2025-02-13 00:58:02,347 - INFO - Iniciando o inserção na tabela: omdb.filme_genero
[2025-02-13T00:58:02.349+0000] {subprocess.py:106} INFO - 2025-02-13 00:58:02,349 - INFO - 0 Inseridos na tabela omdb.filme_genero
[2025-02-13T00:58:02.353+0000] {subprocess.py:106} INFO - 2025-02-13 00:58:02,353 - INFO - Conexão finalizada com o banco
[2025-02-13T00:58:02.354+0000] {subprocess.py:106} INFO - 2025-02-13 00:58:02,353 - INFO - Fim do processo de ingestão.
[2025-02-13T00:58:02.614+0000] {subprocess.py:110} INFO - Command exited with return code 0
[2025-02-13T00:58:02.640+0000] {taskinstance.py:341} INFO - ::group::Post task execution logs
[2025-02-13T00:58:02.641+0000] {taskinstance.py:353} INFO - Marking task as SUCCESS. dag_id=call_omdb_api, task_id=get_omdb_filme, run_id=scheduled__2025-02-13T00:57:00+00:00, execution_date=20250213T005700, start_date=20250213T005800, end_date=20250213T005802
[2025-02-13T00:58:02.697+0000] {local_task_job_runner.py:266} INFO - Task exited with return code 0
[2025-02-13T00:58:02.718+0000] {taskinstance.py:3901} INFO - 0 downstream tasks scheduled from follow-on schedule check
[2025-02-13T00:58:02.721+0000] {local_task_job_runner.py:245} INFO - ::endgroup::
