[2025-02-13T00:53:00.772+0000] {local_task_job_runner.py:123} INFO - ::group::Pre task execution logs
[2025-02-13T00:53:00.788+0000] {taskinstance.py:2614} INFO - Dependencies all met for dep_context=non-requeueable deps ti=<TaskInstance: call_omdb_api.get_omdb_filme scheduled__2025-02-13T00:52:00+00:00 [queued]>
[2025-02-13T00:53:00.795+0000] {taskinstance.py:2614} INFO - Dependencies all met for dep_context=requeueable deps ti=<TaskInstance: call_omdb_api.get_omdb_filme scheduled__2025-02-13T00:52:00+00:00 [queued]>
[2025-02-13T00:53:00.795+0000] {taskinstance.py:2867} INFO - Starting attempt 1 of 2
[2025-02-13T00:53:00.808+0000] {taskinstance.py:2890} INFO - Executing <Task(BashOperator): get_omdb_filme> on 2025-02-13 00:52:00+00:00
[2025-02-13T00:53:00.813+0000] {warnings.py:112} WARNING - /home/***/.local/lib/python3.12/site-packages/***/task/task_runner/standard_task_runner.py:70: DeprecationWarning: This process (pid=2304) is multi-threaded, use of fork() may lead to deadlocks in the child.
  pid = os.fork()

[2025-02-13T00:53:00.815+0000] {standard_task_runner.py:72} INFO - Started process 2305 to run task
[2025-02-13T00:53:00.815+0000] {standard_task_runner.py:104} INFO - Running: ['***', 'tasks', 'run', 'call_omdb_api', 'get_omdb_filme', 'scheduled__2025-02-13T00:52:00+00:00', '--job-id', '92', '--raw', '--subdir', 'DAGS_FOLDER/call_api.py', '--cfg-path', '/tmp/tmpni7dkkq0']
[2025-02-13T00:53:00.816+0000] {standard_task_runner.py:105} INFO - Job 92: Subtask get_omdb_filme
[2025-02-13T00:53:00.858+0000] {task_command.py:467} INFO - Running <TaskInstance: call_omdb_api.get_omdb_filme scheduled__2025-02-13T00:52:00+00:00 [running]> on host 76fc25d1410f
[2025-02-13T00:53:00.940+0000] {taskinstance.py:3134} INFO - Exporting env vars: AIRFLOW_CTX_DAG_OWNER='Celso Cazetto' AIRFLOW_CTX_DAG_ID='call_omdb_api' AIRFLOW_CTX_TASK_ID='get_omdb_filme' AIRFLOW_CTX_EXECUTION_DATE='2025-02-13T00:52:00+00:00' AIRFLOW_CTX_TRY_NUMBER='1' AIRFLOW_CTX_DAG_RUN_ID='scheduled__2025-02-13T00:52:00+00:00'
[2025-02-13T00:53:00.940+0000] {taskinstance.py:732} INFO - ::endgroup::
[2025-02-13T00:53:00.951+0000] {subprocess.py:78} INFO - Tmp dir root location: /tmp
[2025-02-13T00:53:00.954+0000] {subprocess.py:88} INFO - Running command: ['/usr/bin/bash', '-c', 'source /home/***/venv/omdb_env/bin/activate && python /opt/***/pipeline/main.py']
[2025-02-13T00:53:00.964+0000] {subprocess.py:99} INFO - Output:
[2025-02-13T00:53:02.074+0000] {subprocess.py:106} INFO - 2025-02-13 00:53:02,073 - INFO - Carregando o arquivo de configuração
[2025-02-13T00:53:02.075+0000] {subprocess.py:106} INFO - 2025-02-13 00:53:02,075 - INFO - Buscando os dados de filme do ID:tt0371746
[2025-02-13T00:53:02.433+0000] {subprocess.py:106} INFO - 2025-02-13 00:53:02,433 - INFO - Dados da API carregados com sucesso
[2025-02-13T00:53:02.434+0000] {subprocess.py:106} INFO - 2025-02-13 00:53:02,433 - INFO - Iniciando transformação dos dados.
[2025-02-13T00:53:02.443+0000] {subprocess.py:106} INFO - 2025-02-13 00:53:02,443 - INFO - Estabelecendo conexão com o banco de dados:
[2025-02-13T00:53:02.482+0000] {subprocess.py:106} INFO - 2025-02-13 00:53:02,481 - INFO - Conexão estabelecida com sucesso.
[2025-02-13T00:53:02.512+0000] {subprocess.py:106} INFO - 2025-02-13 00:53:02,512 - INFO - Iniciando o inserção na tabela: omdb.filmes
[2025-02-13T00:53:02.517+0000] {subprocess.py:106} INFO - 2025-02-13 00:53:02,517 - INFO - 0 Inseridos na tabela omdb.filmes
[2025-02-13T00:53:02.522+0000] {subprocess.py:106} INFO - 2025-02-13 00:53:02,522 - INFO - Iniciando o inserção na tabela: omdb.genero
[2025-02-13T00:53:02.525+0000] {subprocess.py:106} INFO - 2025-02-13 00:53:02,524 - INFO - 0 Inseridos na tabela omdb.genero
[2025-02-13T00:53:02.538+0000] {subprocess.py:106} INFO - 2025-02-13 00:53:02,538 - INFO - Iniciando o inserção na tabela: omdb.filme_genero
[2025-02-13T00:53:02.540+0000] {subprocess.py:106} INFO - 2025-02-13 00:53:02,540 - INFO - 0 Inseridos na tabela omdb.filme_genero
[2025-02-13T00:53:02.543+0000] {subprocess.py:106} INFO - 2025-02-13 00:53:02,543 - INFO - Conexão finalizada com o banco
[2025-02-13T00:53:02.544+0000] {subprocess.py:106} INFO - 2025-02-13 00:53:02,543 - INFO - Fim do processo de ingestão.
[2025-02-13T00:53:02.713+0000] {subprocess.py:110} INFO - Command exited with return code 0
[2025-02-13T00:53:02.760+0000] {taskinstance.py:341} INFO - ::group::Post task execution logs
[2025-02-13T00:53:02.760+0000] {taskinstance.py:353} INFO - Marking task as SUCCESS. dag_id=call_omdb_api, task_id=get_omdb_filme, run_id=scheduled__2025-02-13T00:52:00+00:00, execution_date=20250213T005200, start_date=20250213T005300, end_date=20250213T005302
[2025-02-13T00:53:02.836+0000] {local_task_job_runner.py:266} INFO - Task exited with return code 0
[2025-02-13T00:53:02.853+0000] {taskinstance.py:3901} INFO - 0 downstream tasks scheduled from follow-on schedule check
[2025-02-13T00:53:02.856+0000] {local_task_job_runner.py:245} INFO - ::endgroup::
