[2025-02-13T00:39:37.381+0000] {local_task_job_runner.py:123} INFO - ::group::Pre task execution logs
[2025-02-13T00:39:37.402+0000] {taskinstance.py:2614} INFO - Dependencies all met for dep_context=non-requeueable deps ti=<TaskInstance: call_omdb_api.get_omdb_filme scheduled__2025-02-13T00:38:00+00:00 [queued]>
[2025-02-13T00:39:37.410+0000] {taskinstance.py:2614} INFO - Dependencies all met for dep_context=requeueable deps ti=<TaskInstance: call_omdb_api.get_omdb_filme scheduled__2025-02-13T00:38:00+00:00 [queued]>
[2025-02-13T00:39:37.411+0000] {taskinstance.py:2867} INFO - Starting attempt 1 of 2
[2025-02-13T00:39:37.424+0000] {taskinstance.py:2890} INFO - Executing <Task(BashOperator): get_omdb_filme> on 2025-02-13 00:38:00+00:00
[2025-02-13T00:39:37.430+0000] {warnings.py:112} WARNING - /home/***/.local/lib/python3.12/site-packages/***/task/task_runner/standard_task_runner.py:70: DeprecationWarning: This process (pid=1910) is multi-threaded, use of fork() may lead to deadlocks in the child.
  pid = os.fork()

[2025-02-13T00:39:37.431+0000] {standard_task_runner.py:72} INFO - Started process 1911 to run task
[2025-02-13T00:39:37.432+0000] {standard_task_runner.py:104} INFO - Running: ['***', 'tasks', 'run', 'call_omdb_api', 'get_omdb_filme', 'scheduled__2025-02-13T00:38:00+00:00', '--job-id', '77', '--raw', '--subdir', 'DAGS_FOLDER/call_api.py', '--cfg-path', '/tmp/tmphwb56ekc']
[2025-02-13T00:39:37.433+0000] {standard_task_runner.py:105} INFO - Job 77: Subtask get_omdb_filme
[2025-02-13T00:39:37.479+0000] {task_command.py:467} INFO - Running <TaskInstance: call_omdb_api.get_omdb_filme scheduled__2025-02-13T00:38:00+00:00 [running]> on host 76fc25d1410f
[2025-02-13T00:39:37.567+0000] {taskinstance.py:3134} INFO - Exporting env vars: AIRFLOW_CTX_DAG_OWNER='Celso Cazetto' AIRFLOW_CTX_DAG_ID='call_omdb_api' AIRFLOW_CTX_TASK_ID='get_omdb_filme' AIRFLOW_CTX_EXECUTION_DATE='2025-02-13T00:38:00+00:00' AIRFLOW_CTX_TRY_NUMBER='1' AIRFLOW_CTX_DAG_RUN_ID='scheduled__2025-02-13T00:38:00+00:00'
[2025-02-13T00:39:37.568+0000] {taskinstance.py:732} INFO - ::endgroup::
[2025-02-13T00:39:37.585+0000] {subprocess.py:78} INFO - Tmp dir root location: /tmp
[2025-02-13T00:39:37.587+0000] {subprocess.py:88} INFO - Running command: ['/usr/bin/bash', '-c', 'source /home/***/venv/omdb_env/bin/activate && python /opt/***/pipeline/main.py']
[2025-02-13T00:39:37.601+0000] {subprocess.py:99} INFO - Output:
[2025-02-13T00:39:38.692+0000] {subprocess.py:106} INFO - 2025-02-13 00:39:38,691 - INFO - Carregando o arquivo de configuração
[2025-02-13T00:39:38.693+0000] {subprocess.py:106} INFO - 2025-02-13 00:39:38,692 - INFO - Buscando os dados de filme do ID:tt0371746
[2025-02-13T00:39:38.843+0000] {subprocess.py:106} INFO - 2025-02-13 00:39:38,843 - INFO - Dados da API carregados com sucesso
[2025-02-13T00:39:38.844+0000] {subprocess.py:106} INFO - 2025-02-13 00:39:38,843 - INFO - Iniciando transformação dos dados.
[2025-02-13T00:39:38.852+0000] {subprocess.py:106} INFO - 2025-02-13 00:39:38,852 - INFO - Estabelecendo conexão com o banco de dados:
[2025-02-13T00:39:38.890+0000] {subprocess.py:106} INFO - 2025-02-13 00:39:38,890 - INFO - Conexão estabelecida com sucesso.
[2025-02-13T00:39:38.916+0000] {subprocess.py:106} INFO - 2025-02-13 00:39:38,916 - INFO - Iniciando o inserção na tabela: omdb.filmes
[2025-02-13T00:39:38.920+0000] {subprocess.py:106} INFO - 2025-02-13 00:39:38,920 - INFO - 1 Inseridos na tabela omdb.filmes
[2025-02-13T00:39:38.924+0000] {subprocess.py:106} INFO - 2025-02-13 00:39:38,924 - INFO - Iniciando o inserção na tabela: omdb.genero
[2025-02-13T00:39:38.926+0000] {subprocess.py:106} INFO - 2025-02-13 00:39:38,926 - INFO - 3 Inseridos na tabela omdb.genero
[2025-02-13T00:39:38.938+0000] {subprocess.py:106} INFO - 2025-02-13 00:39:38,938 - INFO - Iniciando o inserção na tabela: omdb.filme_genero
[2025-02-13T00:39:38.942+0000] {subprocess.py:106} INFO - 2025-02-13 00:39:38,942 - INFO - 3 Inseridos na tabela omdb.filme_genero
[2025-02-13T00:39:38.945+0000] {subprocess.py:106} INFO - 2025-02-13 00:39:38,945 - INFO - Conexão finalizada com o banco
[2025-02-13T00:39:38.946+0000] {subprocess.py:106} INFO - 2025-02-13 00:39:38,945 - INFO - Fim do processo de ingestão.
[2025-02-13T00:39:39.188+0000] {subprocess.py:110} INFO - Command exited with return code 0
[2025-02-13T00:39:39.221+0000] {taskinstance.py:341} INFO - ::group::Post task execution logs
[2025-02-13T00:39:39.222+0000] {taskinstance.py:353} INFO - Marking task as SUCCESS. dag_id=call_omdb_api, task_id=get_omdb_filme, run_id=scheduled__2025-02-13T00:38:00+00:00, execution_date=20250213T003800, start_date=20250213T003937, end_date=20250213T003939
[2025-02-13T00:39:39.292+0000] {local_task_job_runner.py:266} INFO - Task exited with return code 0
[2025-02-13T00:39:39.317+0000] {taskinstance.py:3901} INFO - 0 downstream tasks scheduled from follow-on schedule check
[2025-02-13T00:39:39.320+0000] {local_task_job_runner.py:245} INFO - ::endgroup::
