[2025-02-13T00:49:01.389+0000] {local_task_job_runner.py:123} INFO - ::group::Pre task execution logs
[2025-02-13T00:49:01.406+0000] {taskinstance.py:2614} INFO - Dependencies all met for dep_context=non-requeueable deps ti=<TaskInstance: call_omdb_api.get_omdb_filme scheduled__2025-02-13T00:48:00+00:00 [queued]>
[2025-02-13T00:49:01.412+0000] {taskinstance.py:2614} INFO - Dependencies all met for dep_context=requeueable deps ti=<TaskInstance: call_omdb_api.get_omdb_filme scheduled__2025-02-13T00:48:00+00:00 [queued]>
[2025-02-13T00:49:01.413+0000] {taskinstance.py:2867} INFO - Starting attempt 1 of 2
[2025-02-13T00:49:01.424+0000] {taskinstance.py:2890} INFO - Executing <Task(BashOperator): get_omdb_filme> on 2025-02-13 00:48:00+00:00
[2025-02-13T00:49:01.432+0000] {warnings.py:112} WARNING - /home/***/.local/lib/python3.12/site-packages/***/task/task_runner/standard_task_runner.py:70: DeprecationWarning: This process (pid=2196) is multi-threaded, use of fork() may lead to deadlocks in the child.
  pid = os.fork()

[2025-02-13T00:49:01.433+0000] {standard_task_runner.py:104} INFO - Running: ['***', 'tasks', 'run', 'call_omdb_api', 'get_omdb_filme', 'scheduled__2025-02-13T00:48:00+00:00', '--job-id', '88', '--raw', '--subdir', 'DAGS_FOLDER/call_api.py', '--cfg-path', '/tmp/tmpmw9vzrvp']
[2025-02-13T00:49:01.434+0000] {standard_task_runner.py:72} INFO - Started process 2197 to run task
[2025-02-13T00:49:01.434+0000] {standard_task_runner.py:105} INFO - Job 88: Subtask get_omdb_filme
[2025-02-13T00:49:01.475+0000] {task_command.py:467} INFO - Running <TaskInstance: call_omdb_api.get_omdb_filme scheduled__2025-02-13T00:48:00+00:00 [running]> on host 76fc25d1410f
[2025-02-13T00:49:01.561+0000] {taskinstance.py:3134} INFO - Exporting env vars: AIRFLOW_CTX_DAG_OWNER='Celso Cazetto' AIRFLOW_CTX_DAG_ID='call_omdb_api' AIRFLOW_CTX_TASK_ID='get_omdb_filme' AIRFLOW_CTX_EXECUTION_DATE='2025-02-13T00:48:00+00:00' AIRFLOW_CTX_TRY_NUMBER='1' AIRFLOW_CTX_DAG_RUN_ID='scheduled__2025-02-13T00:48:00+00:00'
[2025-02-13T00:49:01.563+0000] {taskinstance.py:732} INFO - ::endgroup::
[2025-02-13T00:49:01.574+0000] {subprocess.py:78} INFO - Tmp dir root location: /tmp
[2025-02-13T00:49:01.577+0000] {subprocess.py:88} INFO - Running command: ['/usr/bin/bash', '-c', 'source /home/***/venv/omdb_env/bin/activate && python /opt/***/pipeline/main.py']
[2025-02-13T00:49:01.586+0000] {subprocess.py:99} INFO - Output:
[2025-02-13T00:49:02.957+0000] {subprocess.py:106} INFO - 2025-02-13 00:49:02,957 - INFO - Carregando o arquivo de configuração
[2025-02-13T00:49:02.958+0000] {subprocess.py:106} INFO - 2025-02-13 00:49:02,958 - INFO - Buscando os dados de filme do ID:tt0371746
[2025-02-13T00:49:03.096+0000] {subprocess.py:106} INFO - 2025-02-13 00:49:03,096 - INFO - Dados da API carregados com sucesso
[2025-02-13T00:49:03.097+0000] {subprocess.py:106} INFO - 2025-02-13 00:49:03,096 - INFO - Iniciando transformação dos dados.
[2025-02-13T00:49:03.108+0000] {subprocess.py:106} INFO - 2025-02-13 00:49:03,107 - INFO - Estabelecendo conexão com o banco de dados:
[2025-02-13T00:49:03.167+0000] {subprocess.py:106} INFO - 2025-02-13 00:49:03,167 - INFO - Conexão estabelecida com sucesso.
[2025-02-13T00:49:03.210+0000] {subprocess.py:106} INFO - 2025-02-13 00:49:03,210 - INFO - Iniciando o inserção na tabela: omdb.filmes
[2025-02-13T00:49:03.216+0000] {subprocess.py:106} INFO - 2025-02-13 00:49:03,215 - INFO - 0 Inseridos na tabela omdb.filmes
[2025-02-13T00:49:03.223+0000] {subprocess.py:106} INFO - 2025-02-13 00:49:03,223 - INFO - Iniciando o inserção na tabela: omdb.genero
[2025-02-13T00:49:03.226+0000] {subprocess.py:106} INFO - 2025-02-13 00:49:03,225 - INFO - 0 Inseridos na tabela omdb.genero
[2025-02-13T00:49:03.240+0000] {subprocess.py:106} INFO - 2025-02-13 00:49:03,239 - INFO - Iniciando o inserção na tabela: omdb.filme_genero
[2025-02-13T00:49:03.242+0000] {subprocess.py:106} INFO - 2025-02-13 00:49:03,242 - INFO - 0 Inseridos na tabela omdb.filme_genero
[2025-02-13T00:49:03.245+0000] {subprocess.py:106} INFO - 2025-02-13 00:49:03,244 - INFO - Conexão finalizada com o banco
[2025-02-13T00:49:03.245+0000] {subprocess.py:106} INFO - 2025-02-13 00:49:03,245 - INFO - Fim do processo de ingestão.
[2025-02-13T00:49:03.509+0000] {subprocess.py:110} INFO - Command exited with return code 0
[2025-02-13T00:49:03.538+0000] {taskinstance.py:341} INFO - ::group::Post task execution logs
[2025-02-13T00:49:03.539+0000] {taskinstance.py:353} INFO - Marking task as SUCCESS. dag_id=call_omdb_api, task_id=get_omdb_filme, run_id=scheduled__2025-02-13T00:48:00+00:00, execution_date=20250213T004800, start_date=20250213T004901, end_date=20250213T004903
[2025-02-13T00:49:03.583+0000] {local_task_job_runner.py:266} INFO - Task exited with return code 0
[2025-02-13T00:49:03.599+0000] {taskinstance.py:3901} INFO - 0 downstream tasks scheduled from follow-on schedule check
[2025-02-13T00:49:03.601+0000] {local_task_job_runner.py:245} INFO - ::endgroup::
